Assembler report for clock
Tue Mar 19 16:45:26 2019
Version 5.0 Build 148 04/26/2005 SJ Full Version


---------------------
; Table of Contents ;
---------------------
  1. Legal Notice
  2. Assembler Summary
  3. Assembler Settings
  4. Assembler Generated Files
  5. Assembler Device Options: C:/Documents and Settings/Administrator/×ÀÃæ/CLOCK_BASE/clock/clock.pof
  6. Assembler Messages



----------------
; Legal Notice ;
----------------
Copyright (C) 1991-2005 Altera Corporation
Your use of Altera Corporation's design tools, logic functions 
and other software and tools, and its AMPP partner logic       
functions, and any output files any of the foregoing           
(including device programming or simulation files), and any    
associated documentation or information are expressly subject  
to the terms and conditions of the Altera Program License      
Subscription Agreement, Altera MegaCore Function License       
Agreement, or other applicable license agreement, including,   
without limitation, that your use is for the sole purpose of   
programming logic devices manufactured by Altera and sold by   
Altera or its authorized distributors.  Please refer to the    
applicable agreement for further details.



+---------------------------------------------------------------+
; Assembler Summary                                             ;
+-----------------------+---------------------------------------+
; Assembler Status      ; Successful - Tue Mar 19 16:45:26 2019 ;
; Revision Name         ; clock                                 ;
; Top-level Entity Name ; clock                                 ;
; Family                ; MAX II                                ;
; Device                ; EPM240T100C5                          ;
+-----------------------+---------------------------------------+


+------------------------------------------------------------------------------------------------------------+
; Assembler Settings                                                                                         ;
+--------------------------------------------------------------------------------+-----------+---------------+
; Option                                                                         ; Setting   ; Default Value ;
+--------------------------------------------------------------------------------+-----------+---------------+
; Use smart compilation                                                          ; Off       ; Off           ;
; Generate Serial Vector Format File (.svf) for Target Device                    ; Off       ; Off           ;
; Generate a JEDEC STAPL Format File (.jam) for Target Device                    ; Off       ; Off           ;
; Generate an uncompressed Jam STAPL Byte Code 2.0 File (.jbc) for Target Device ; Off       ; Off           ;
; Generate a compressed Jam STAPL Byte Code 2.0 File (.jbc) for Target Device    ; On        ; On            ;
; In-System Programming Default Clamp State                                      ; Tri-state ; Tri-state     ;
; Compression mode                                                               ; Off       ; Off           ;
; Clock source for configuration device                                          ; Internal  ; Internal      ;
; Clock frequency of the configuration device                                    ; 10 MHz    ; 10 MHz        ;
; Divide clock frequency by                                                      ; 1         ; 1             ;
; JTAG user code for target device                                               ; Ffffffff  ; Ffffffff      ;
; Auto user code                                                                 ; off       ; off           ;
; Security bit                                                                   ; off       ; off           ;
; Configuration device                                                           ; Auto      ; Auto          ;
; JTAG user code for configuration device                                        ; Ffffffff  ; Ffffffff      ;
; Configuration device auto user code                                            ; off       ; off           ;
; Generate Tabular Text File (.ttf) For Target Device                            ; Off       ; Off           ;
; Generate Raw Binary File (.rbf) For Target Device                              ; Off       ; Off           ;
; Generate Hexadecimal (Intel-Format) Output File (.hexout) for Target Device    ; Off       ; Off           ;
; Hexadecimal Output File start address                                          ; 0         ; 0             ;
; Hexadecimal Output File count direction                                        ; Up        ; Up            ;
+--------------------------------------------------------------------------------+-----------+---------------+


+-------------------------------------------------------------------------+
; Assembler Generated Files                                               ;
+-------------------------------------------------------------------------+
; File Name                                                               ;
+-------------------------------------------------------------------------+
; C:/Documents and Settings/Administrator/×ÀÃæ/CLOCK_BASE/clock/clock.pof ;
+-------------------------------------------------------------------------+


+---------------------------------------------------------------------------------------------------+
; Assembler Device Options: C:/Documents and Settings/Administrator/×ÀÃæ/CLOCK_BASE/clock/clock.pof ;
+----------------+----------------------------------------------------------------------------------+
; Option         ; Setting                                                                          ;
+----------------+----------------------------------------------------------------------------------+
; Device         ; EPM240T100C5                                                                     ;
; JTAG usercode  ; 0x00000000                                                                       ;
; Checksum       ; 0x00181DFE                                                                       ;
+----------------+----------------------------------------------------------------------------------+


+--------------------+
; Assembler Messages ;
+--------------------+
Info: *******************************************************************
Info: Running Quartus II Assembler
    Info: Version 5.0 Build 148 04/26/2005 SJ Full Version
    Info: Processing started: Tue Mar 19 16:45:26 2019
Info: Command: quartus_asm --read_settings_files=off --write_settings_files=off clock -c clock
Info: Quartus II Assembler was successful. 0 errors, 0 warnings
    Info: Processing ended: Tue Mar 19 16:45:26 2019
    Info: Elapsed time: 00:00:01


