Flow report for clock
Tue Mar 19 16:45:29 2019
Version 5.0 Build 148 04/26/2005 SJ Full Version


---------------------
; Table of Contents ;
---------------------
  1. Legal Notice
  2. Flow Summary
  3. Flow Settings
  4. Flow Elapsed Time
  5. Flow Log



----------------
; Legal Notice ;
----------------
Copyright (C) 1991-2005 Altera Corporation
Your use of Altera Corporation's design tools, logic functions 
and other software and tools, and its AMPP partner logic       
functions, and any output files any of the foregoing           
(including device programming or simulation files), and any    
associated documentation or information are expressly subject  
to the terms and conditions of the Altera Program License      
Subscription Agreement, Altera MegaCore Function License       
Agreement, or other applicable license agreement, including,   
without limitation, that your use is for the sole purpose of   
programming logic devices manufactured by Altera and sold by   
Altera or its authorized distributors.  Please refer to the    
applicable agreement for further details.



+--------------------------------------------------------------------+
; Flow Summary                                                       ;
+-------------------------+------------------------------------------+
; Flow Status             ; Successful - Tue Mar 19 16:45:29 2019    ;
; Quartus II Version      ; 5.0 Build 148 04/26/2005 SJ Full Version ;
; Revision Name           ; clock                                    ;
; Top-level Entity Name   ; clock                                    ;
; Family                  ; MAX II                                   ;
; Device                  ; EPM240T100C5                             ;
; Timing Models           ; Final                                    ;
; Met timing requirements ; No                                       ;
; Total logic elements    ; 103 / 240 ( 42 % )                       ;
; Total pins              ; 45 / 80 ( 56 % )                         ;
; Total virtual pins      ; 0                                        ;
; UFM blocks              ; 0 / 1 ( 0 % )                            ;
+-------------------------+------------------------------------------+


+-----------------------------------------+
; Flow Settings                           ;
+-------------------+---------------------+
; Option            ; Setting             ;
+-------------------+---------------------+
; Start date & time ; 03/19/2019 16:45:21 ;
; Main task         ; Compilation         ;
; Revision Name     ; clock               ;
+-------------------+---------------------+


+-------------------------------------+
; Flow Elapsed Time                   ;
+----------------------+--------------+
; Module Name          ; Elapsed Time ;
+----------------------+--------------+
; Analysis & Synthesis ; 00:00:01     ;
; Fitter               ; 00:00:02     ;
; Assembler            ; 00:00:01     ;
; Timing Analyzer      ; 00:00:02     ;
; Total                ; 00:00:06     ;
+----------------------+--------------+


------------
; Flow Log ;
------------
quartus_map --read_settings_files=on --write_settings_files=off clock -c clock
quartus_fit --read_settings_files=off --write_settings_files=off clock -c clock
quartus_asm --read_settings_files=off --write_settings_files=off clock -c clock
quartus_tan --read_settings_files=off --write_settings_files=off clock -c clock



